Sat Mar 18 14:20:06 MSK 2023: 
Sat Mar 18 14:20:12 MSK 2023: Число х: 8.0
Sat Mar 18 14:20:14 MSK 2023: Число y: 9.0
Sat Mar 18 14:20:18 MSK 2023: Сумма  чисел: 8.0
Sat Mar 18 14:21:54 MSK 2023: 
Sat Mar 18 14:22:06 MSK 2023: Число х: 8.0
Sat Mar 18 14:22:08 MSK 2023: Число y: 9.0
Sat Mar 18 14:22:12 MSK 2023: Разность  чисел: -1.0
Sat Mar 18 14:22:22 MSK 2023: 
Sat Mar 18 14:22:34 MSK 2023: Число х: 5.0
Sat Mar 18 14:22:37 MSK 2023: Мнимая часть х: 6.0
Sat Mar 18 14:22:39 MSK 2023: Число y: 8.0
Sat Mar 18 14:22:40 MSK 2023: Мнимая часть y: 6.0
Sat Mar 18 14:22:44 MSK 2023: Сумма комплексных чисел: 
Sat Mar 18 14:22:44 MSK 2023: Комплексное число11.0 , 14.0i создано
Sat Mar 18 14:25:17 MSK 2023: 
Sat Mar 18 14:25:22 MSK 2023: Число х: 9.0
Sat Mar 18 14:25:24 MSK 2023: Мнимая часть х: 5.0
Sat Mar 18 14:25:28 MSK 2023: Произведение  чисел: 45.0
Sun Mar 19 19:55:26 MSK 2023: 
Sun Mar 19 19:55:34 MSK 2023: Число х: 8.0
Sun Mar 19 19:55:34 MSK 2023: Мнимая часть х: 9.0
Sun Mar 19 19:55:38 MSK 2023: Деление  чисел: 0.8888888888888888
Sun Mar 19 22:58:08 MSK 2023: 
Sun Mar 19 22:58:15 MSK 2023: Число х: 8.0
Sun Mar 19 22:58:16 MSK 2023: Мнимая часть х: 9.0
Sun Mar 19 22:58:18 MSK 2023: Деление  чисел: 0.8888888888888888
Sun Mar 19 22:58:38 MSK 2023: 
Sun Mar 19 22:58:44 MSK 2023: Число х: 87.0
Sun Mar 19 22:58:47 MSK 2023: Мнимая часть х: 16.0
Sun Mar 19 22:58:49 MSK 2023: Деление  чисел: 5.4375
Sun Mar 19 23:00:03 MSK 2023: 
Sun Mar 19 23:01:14 MSK 2023: 
Sun Mar 19 23:02:29 MSK 2023: Число х: 10.0
Sun Mar 19 23:02:30 MSK 2023: Мнимая часть х: 2.0
Sun Mar 19 23:02:32 MSK 2023: Деление  чисел: 5.0
Sun Mar 19 23:02:43 MSK 2023: 
Sun Mar 19 23:02:50 MSK 2023: Число х: 10.0
Sun Mar 19 23:02:56 MSK 2023: Мнимая часть х: 4.0
Sun Mar 19 23:02:58 MSK 2023: Деление  чисел: 2.5
Sun Mar 19 23:13:33 MSK 2023: 
Sun Mar 19 23:13:38 MSK 2023: Число х: 6.0
Sun Mar 19 23:13:40 MSK 2023: Мнимая часть х: 8.0
Sun Mar 19 23:13:42 MSK 2023: Число y: 3.0
Sun Mar 19 23:13:43 MSK 2023: Мнимая часть y: 1.0
Sun Mar 19 23:13:46 MSK 2023: Сумма комплексных чисел: 
Sun Mar 19 23:13:46 MSK 2023: Комплексное число14.0 , 4.0i создано
Sun Mar 19 23:27:07 MSK 2023: 
Sun Mar 19 23:27:31 MSK 2023: 
Sun Mar 19 23:27:37 MSK 2023: Число х: 8.0
Sun Mar 19 23:27:39 MSK 2023: Мнимая часть х: 6.0
Sun Mar 19 23:27:42 MSK 2023: Число y: 1.0
Sun Mar 19 23:27:43 MSK 2023: Мнимая часть y: 5.0
Sun Mar 19 23:27:45 MSK 2023: Умножение комплексных чисел: 
Sun Mar 19 23:27:45 MSK 2023: Комплексное число53.0 , 46.0i создано
Sun Mar 19 23:28:23 MSK 2023: 
Sun Mar 19 23:28:29 MSK 2023: Число х: 5.0
Sun Mar 19 23:28:31 MSK 2023: Мнимая часть х: 1.0
Sun Mar 19 23:28:32 MSK 2023: Деление  чисел: 5.0
Sun Mar 19 23:29:12 MSK 2023: 
Sun Mar 19 23:29:19 MSK 2023: Число х: 5.0
Sun Mar 19 23:29:20 MSK 2023: Мнимая часть х: 4.0
Sun Mar 19 23:29:22 MSK 2023: Разность  чисел: 1.0
